<?xml version="1.0" encoding="UTF-8"?>
<!-- Generated by org.testng.reporters.JUnitXMLReporter -->
<testsuite ignored="0" hostname="DESKTOP-4S95062" failures="0" tests="2" name="TC_LOGINTEST_001" time="12.49" errors="0" timestamp="03 Oct 2021 06:06:47 GMT">
  <testcase classname="com.netbanking.TestCases.TC_LoginTest_001" name="loginTest" time="1.33"/>
  <testcase classname="com.netbanking.TestCases.Tc_NewCustomerTest_003" name="AddNewCustomer" time="3.605"/>
</testsuite> <!-- TC_LOGINTEST_001 -->
