<?xml version="1.0" encoding="UTF-8"?>
<testng-results ignored="0" total="2" passed="2" failed="0" skipped="0">
  <reporter-output>
  </reporter-output>
  <suite started-at="2021-10-03T06:06:35Z" name="NETBANKING" finished-at="2021-10-03T06:06:47Z" duration-ms="12490">
    <groups>
    </groups>
    <test started-at="2021-10-03T06:06:35Z" name="TC_LOGINTEST_001" finished-at="2021-10-03T06:06:47Z" duration-ms="12490">
      <class name="com.netbanking.TestCases.Tc_NewCustomerTest_003">
        <test-method is-config="true" signature="setup(java.lang.String)[pri:0, instance:com.netbanking.TestCases.Tc_NewCustomerTest_003@64d7f7e0]" started-at="2021-10-03T06:06:40Z" name="setup" finished-at="2021-10-03T06:06:43Z" duration-ms="3124" status="PASS">
          <params>
            <param index="0">
              <value>
                <![CDATA[chrome]]>
              </value>
            </param>
          </params>
          <reporter-output>
          </reporter-output>
        </test-method> <!-- setup -->
        <test-method signature="AddNewCustomer()[pri:0, instance:com.netbanking.TestCases.Tc_NewCustomerTest_003@64d7f7e0]" started-at="2021-10-03T06:06:43Z" name="AddNewCustomer" finished-at="2021-10-03T06:06:47Z" duration-ms="3605" status="PASS">
          <reporter-output>
          </reporter-output>
        </test-method> <!-- AddNewCustomer -->
        <test-method is-config="true" signature="teardown()[pri:0, instance:com.netbanking.TestCases.Tc_NewCustomerTest_003@64d7f7e0]" started-at="2021-10-03T06:06:47Z" name="teardown" finished-at="2021-10-03T06:06:47Z" duration-ms="200" status="PASS">
          <reporter-output>
          </reporter-output>
        </test-method> <!-- teardown -->
      </class> <!-- com.netbanking.TestCases.Tc_NewCustomerTest_003 -->
      <class name="com.netbanking.TestCases.TC_LoginTest_001">
        <test-method is-config="true" signature="setup(java.lang.String)[pri:0, instance:com.netbanking.TestCases.TC_LoginTest_001@6e38921c]" started-at="2021-10-03T06:06:35Z" name="setup" finished-at="2021-10-03T06:06:39Z" duration-ms="3748" status="PASS">
          <params>
            <param index="0">
              <value>
                <![CDATA[chrome]]>
              </value>
            </param>
          </params>
          <reporter-output>
          </reporter-output>
        </test-method> <!-- setup -->
        <test-method signature="loginTest()[pri:0, instance:com.netbanking.TestCases.TC_LoginTest_001@6e38921c]" started-at="2021-10-03T06:06:39Z" name="loginTest" finished-at="2021-10-03T06:06:40Z" duration-ms="1330" status="PASS">
          <reporter-output>
          </reporter-output>
        </test-method> <!-- loginTest -->
        <test-method is-config="true" signature="teardown()[pri:0, instance:com.netbanking.TestCases.TC_LoginTest_001@6e38921c]" started-at="2021-10-03T06:06:40Z" name="teardown" finished-at="2021-10-03T06:06:40Z" duration-ms="196" status="PASS">
          <reporter-output>
          </reporter-output>
        </test-method> <!-- teardown -->
      </class> <!-- com.netbanking.TestCases.TC_LoginTest_001 -->
    </test> <!-- TC_LOGINTEST_001 -->
  </suite> <!-- NETBANKING -->
</testng-results>
